%%%% Starting test Rapid Scheme
Group begin: Rapid Scheme
Group begin: SRFI 64 - Meta-Test Suite
Group begin: 1. Simple test-cases
Group begin: 1.1. test-assert
Test begin:
  test-name: "1.1.1. Very simple"
Test end:
  result-kind: pass
  actual-value: (("a") ("b") () () () (1 1 0 0 0))
  expected-value: (("a") ("b") () () () (1 1 0 0 0))
Test begin:
  test-name: "1.1.2. A test with no name"
Test end:
  result-kind: pass
  actual-value: (("a") ("") () () () (1 1 0 0 0))
  expected-value: (("a") ("") () () () (1 1 0 0 0))
Test begin:
  test-name: "1.1.3. Tests can have the same name"
Test end:
  result-kind: pass
  actual-value: (("a" "a") () () () () (2 0 0 0 0))
  expected-value: (("a" "a") () () () () (2 0 0 0 0))
Test begin:
  test-name: "1.1.4. One way to FAIL is to throw an error"
Test end:
  result-kind: pass
  actual-value: (() ("a") () () () (0 1 0 0 0))
  expected-value: (() ("a") () () () (0 1 0 0 0))
Group end: 1.1. test-assert
